<?xml version="1.0" encoding="UTF-8"?>
<!-- Generated by org.testng.reporters.JUnitReportReporter -->
<testsuite hostname="DESKTOP-AG89RSG" name="runners.TestRunner" tests="1" failures="0" timestamp="4 Aug 2019 19:20:55 GMT" time="21.185" errors="0">
  <testcase name="feature" time="21.185" classname="runners.TestRunner"/>
</testsuite> <!-- runners.TestRunner -->
