<?xml version="1.0" encoding="UTF-8"?>
<!-- Generated by org.testng.reporters.JUnitReportReporter -->
<testsuite hostname="DESKTOP-AG89RSG" name="runners.TestRunner" tests="1" failures="0" timestamp="8 Aug 2019 06:30:42 GMT" time="63.873" errors="0">
  <testcase name="feature" time="63.873" classname="runners.TestRunner"/>
</testsuite> <!-- runners.TestRunner -->
